        -:    0:Source:util.h
        -:    0:Graph:testdominion.gcno
        -:    0:Data:testdominion.gcda
        -:    0:Runs:12
        -:    0:Programs:1
        -:    1:#include <string.h>
        -:    2:
       12:    3:int isint(char * str){
       12:    3-block  0
       12:    4:	int i = 0;
       36:    5:	for(; str[i] != '\0' && str[i] <= '9' && str[i] >= '0'; i++){}
       12:    5-block  0
       24:    5-block  1
       36:    5-block  2
       24:    5-block  3
       24:    5-block  4
       12:    6:	return (i == strlen(str));
       12:    6-block  0
        -:    7:}
        -:    8:
       12:    9:int allint(char *argv[], int argc, int expected){
       12:    9-block  0
        -:   10:	int i;
       12:   11:	if(argc != expected){
       12:   11-block  0
    #####:   12:		printf("Please use only %d argument(s)\n", expected);
    $$$$$:   12-block  0
    #####:   13:		return 0;
        -:   14:	}
       24:   15:	for(i = 1; i < expected; i++){
       12:   15-block  0
       12:   15-block  1
       24:   15-block  2
       12:   16:		if(!isint(argv[i])){
       12:   16-block  0
    #####:   17:			puts("Please use an integer as a command line argument!\n");
    $$$$$:   17-block  0
    #####:   18:			return 0;
        -:   19:		}
        -:   20:	}
       12:   21:	return 1;
       12:   21-block  0
        -:   22:}
